<?xml version="1.0" encoding="UTF-8"?>
<testsuite xmlns:xsi="http://www.w3.org/2001/XMLSchema-instance" xsi:noNamespaceSchemaLocation="https://maven.apache.org/surefire/maven-surefire-plugin/xsd/surefire-test-report.xsd" name="com.jnshu.StudentTest" time="1.23" tests="5" errors="0" skipped="0" failures="0">
  <properties>
[...]
</properties>
  <testcase name="TestUpdateStduent" classname="com.jnshu.StudentTest" time="0.225"/>
  <testcase name="TestdeleteStduentById" classname="com.jnshu.StudentTest" time="0.011"/>
  <testcase name="testFindAll" classname="com.jnshu.StudentTest" time="0.032"/>
  <testcase name="TestfindById" classname="com.jnshu.StudentTest" time="0.005"/>
  <testcase name="TestaddStduent" classname="com.jnshu.StudentTest" time="0.008"/>
</testsuite>